<?xml version="1.0" encoding="UTF-8"?>
<testng-results ignored="0" total="3" passed="3" failed="0" skipped="0">
  <reporter-output>
  </reporter-output>
  <suite started-at="2023-05-03T16:12:41 IST" name="All Test Suite" finished-at="2023-05-03T16:17:09 IST" duration-ms="267761">
    <groups>
    </groups>
    <test started-at="2023-05-03T16:12:41 IST" name="I Can Win(Paste bin)" finished-at="2023-05-03T16:13:42 IST" duration-ms="61464">
      <class name="org.module.WebDriver.I_Can_Win_Test">
        <test-method is-config="true" signature="setDriver(java.lang.String)[pri:0, instance:org.module.WebDriver.I_Can_Win_Test@9225652]" started-at="2023-05-03T16:12:41 IST" name="setDriver" finished-at="2023-05-03T16:12:44 IST" duration-ms="2582" status="PASS">
          <params>
            <param index="0">
              <value>
                <![CDATA[chrome]]>
              </value>
            </param>
          </params>
          <reporter-output>
          </reporter-output>
        </test-method> <!-- setDriver -->
        <test-method signature="pastefunc()[pri:0, instance:org.module.WebDriver.I_Can_Win_Test@9225652]" started-at="2023-05-03T16:12:44 IST" name="pastefunc" finished-at="2023-05-03T16:13:42 IST" duration-ms="58843" status="PASS">
          <reporter-output>
          </reporter-output>
        </test-method> <!-- pastefunc -->
        <test-method is-config="true" signature="closeDriver()[pri:0, instance:org.module.WebDriver.I_Can_Win_Test@9225652]" started-at="2023-05-03T16:13:42 IST" name="closeDriver" finished-at="2023-05-03T16:13:42 IST" duration-ms="0" status="PASS">
          <reporter-output>
          </reporter-output>
        </test-method> <!-- closeDriver -->
      </class> <!-- org.module.WebDriver.I_Can_Win_Test -->
    </test> <!-- I Can Win(Paste bin) -->
    <test started-at="2023-05-03T16:13:42 IST" name="Google Cloud Price Calc - Chrome" finished-at="2023-05-03T16:15:29 IST" duration-ms="106115">
      <class name="org.module.WebDriver.Hurt_Me_Plenty_Test">
        <test-method is-config="true" signature="setDriver(java.lang.String)[pri:0, instance:org.module.WebDriver.Hurt_Me_Plenty_Test@8dbdac1]" started-at="2023-05-03T16:13:42 IST" name="setDriver" finished-at="2023-05-03T16:13:43 IST" duration-ms="990" status="PASS">
          <params>
            <param index="0">
              <value>
                <![CDATA[chrome]]>
              </value>
            </param>
          </params>
          <reporter-output>
          </reporter-output>
        </test-method> <!-- setDriver -->
        <test-method signature="google_cloud_price_calc()[pri:1, instance:org.module.WebDriver.Hurt_Me_Plenty_Test@8dbdac1]" started-at="2023-05-03T16:13:43 IST" name="google_cloud_price_calc" finished-at="2023-05-03T16:15:28 IST" duration-ms="104808" status="PASS">
          <reporter-output>
          </reporter-output>
        </test-method> <!-- google_cloud_price_calc -->
        <test-method is-config="true" signature="closeDriver()[pri:0, instance:org.module.WebDriver.Hurt_Me_Plenty_Test@8dbdac1]" started-at="2023-05-03T16:15:28 IST" name="closeDriver" finished-at="2023-05-03T16:15:29 IST" duration-ms="312" status="PASS">
          <reporter-output>
          </reporter-output>
        </test-method> <!-- closeDriver -->
      </class> <!-- org.module.WebDriver.Hurt_Me_Plenty_Test -->
    </test> <!-- Google Cloud Price Calc - Chrome -->
    <test started-at="2023-05-03T16:15:29 IST" name="Google Cloud Price Calc - Edge" finished-at="2023-05-03T16:17:09 IST" duration-ms="100147">
      <class name="org.module.WebDriver.Hurt_Me_Plenty_Test">
        <test-method is-config="true" signature="setDriver(java.lang.String)[pri:0, instance:org.module.WebDriver.Hurt_Me_Plenty_Test@3ce1e309]" started-at="2023-05-03T16:15:29 IST" name="setDriver" finished-at="2023-05-03T16:15:31 IST" duration-ms="2897" status="PASS">
          <params>
            <param index="0">
              <value>
                <![CDATA[edge]]>
              </value>
            </param>
          </params>
          <reporter-output>
          </reporter-output>
        </test-method> <!-- setDriver -->
        <test-method signature="google_cloud_price_calc()[pri:1, instance:org.module.WebDriver.Hurt_Me_Plenty_Test@3ce1e309]" started-at="2023-05-03T16:15:31 IST" name="google_cloud_price_calc" finished-at="2023-05-03T16:17:08 IST" duration-ms="96810" status="PASS">
          <reporter-output>
          </reporter-output>
        </test-method> <!-- google_cloud_price_calc -->
        <test-method is-config="true" signature="closeDriver()[pri:0, instance:org.module.WebDriver.Hurt_Me_Plenty_Test@3ce1e309]" started-at="2023-05-03T16:17:08 IST" name="closeDriver" finished-at="2023-05-03T16:17:09 IST" duration-ms="422" status="PASS">
          <reporter-output>
          </reporter-output>
        </test-method> <!-- closeDriver -->
      </class> <!-- org.module.WebDriver.Hurt_Me_Plenty_Test -->
    </test> <!-- Google Cloud Price Calc - Edge -->
  </suite> <!-- All Test Suite -->
</testng-results>
