<?xml version="1.0" encoding="UTF-8"?>
<!-- Generated by org.testng.reporters.JUnitXMLReporter -->
<testsuite ignored="0" hostname="DESKTOP-IQUBR8Q" failures="0" tests="6" name="test2" time="83.79" errors="0" timestamp="2023-05-02T11:47:55 IST">
  <testcase classname="org.module.WebDriver.Hurt_Me_Plenty_Test" name="checkInfoProvisionModel" time="74.656"/>
  <testcase classname="org.module.WebDriver.Hurt_Me_Plenty_Test" name="checkRegion" time="0.032"/>
  <testcase classname="org.module.WebDriver.Hurt_Me_Plenty_Test" name="checkSSD" time="0.031"/>
  <testcase classname="org.module.WebDriver.Hurt_Me_Plenty_Test" name="checkInstanceType" time="0.031"/>
  <testcase classname="org.module.WebDriver.Hurt_Me_Plenty_Test" name="checkCommitment" time="0.031"/>
  <testcase classname="org.module.WebDriver.Hurt_Me_Plenty_Test" name="checkCost" time="0.672"/>
</testsuite> <!-- test2 -->
